<?xml version="1.0" encoding="utf-8"?><testsuites name="pytest tests"><testsuite name="pytest" errors="0" failures="1" skipped="0" tests="10" time="2.082" timestamp="2026-03-23T13:30:33.080183+00:00" hostname="agent-env-054fdbd9-3fbe-48d9-989f-026ea058d3bb"><testcase classname="tests.test_charge_sheet_forensic.TestAuthentication" name="test_login_success" time="0.522" /><testcase classname="tests.test_charge_sheet_forensic.TestAuthentication" name="test_login_invalid_credentials" time="0.135" /><testcase classname="tests.test_charge_sheet_forensic.TestChargeSheetFusion" name="test_charge_sheet_fusion_no_documents" time="0.450" /><testcase classname="tests.test_charge_sheet_forensic.TestChargeSheetFusion" name="test_charge_sheet_fusion_missing_required_fields" time="0.144" /><testcase classname="tests.test_charge_sheet_forensic.TestChargeSheetFusion" name="test_charge_sheet_fusion_with_docx" time="0.138" /><testcase classname="tests.test_charge_sheet_forensic.TestMediaForensic" name="test_forensic_analyze_image" time="0.113" /><testcase classname="tests.test_charge_sheet_forensic.TestMediaForensic" name="test_forensic_analyze_jpeg" time="0.149" /><testcase classname="tests.test_charge_sheet_forensic.TestMediaForensic" name="test_forensic_analyze_unsupported_file" time="0.097" /><testcase classname="tests.test_charge_sheet_forensic.TestMediaForensic" name="test_forensic_analyze_no_auth" time="0.136" /><testcase classname="tests.test_charge_sheet_forensic.TestDashboardNavigation" name="test_health_check" time="0.116"><failure message="AssertionError: Health check failed: 404&#10;assert 404 == 200&#10; +  where 404 = &lt;Response [404]&gt;.status_code">tests/test_charge_sheet_forensic.py:299: in test_health_check
    assert response.status_code == 200, f"Health check failed: {response.status_code}"
E   AssertionError: Health check failed: 404
E   assert 404 == 200
E    +  where 404 = &lt;Response [404]&gt;.status_code</failure></testcase></testsuite></testsuites>