<?xml version="1.0" encoding="utf-8"?><testsuites name="pytest tests"><testsuite name="pytest" errors="0" failures="0" skipped="0" tests="4" time="2.212" timestamp="2026-06-11T07:54:27.106209+00:00" hostname="agent-env-a5220aad-6c0f-43f4-9a0c-8032cc7bc406"><testcase classname="backend.tests.test_apply_edits_e2e.TestIsDeathCasePersistence" name="test_create_case_with_is_death_case_true" time="1.054" /><testcase classname="backend.tests.test_apply_edits_e2e.TestIsDeathCasePersistence" name="test_create_case_with_is_death_case_false_default" time="0.218" /><testcase classname="backend.tests.test_apply_edits_e2e.TestApplyEditsEndpoint" name="test_apply_edits_simple_field" time="0.465" /><testcase classname="backend.tests.test_apply_edits_e2e.TestApplyEditsEndpoint" name="test_apply_edits_brief_facts_cascade" time="0.420" /></testsuite></testsuites>