<?xml version="1.0" encoding="utf-8"?><testsuites name="pytest tests"><testsuite name="pytest" errors="0" failures="0" skipped="0" tests="11" time="3.144" timestamp="2026-03-26T13:59:50.758672+00:00" hostname="agent-env-054fdbd9-3fbe-48d9-989f-026ea058d3bb"><testcase classname="backend.tests.test_iteration_10.TestBSASection63Certificate" name="test_generate_certificate_success" time="1.961" /><testcase classname="backend.tests.test_iteration_10.TestBSASection63Certificate" name="test_generate_certificate_without_auth" time="0.100" /><testcase classname="backend.tests.test_iteration_10.TestBSASection63Certificate" name="test_generate_certificate_no_file" time="0.103" /><testcase classname="backend.tests.test_iteration_10.TestQuickHashComputation" name="test_compute_hash_success" time="0.104" /><testcase classname="backend.tests.test_iteration_10.TestQuickHashComputation" name="test_compute_hash_without_auth" time="0.109" /><testcase classname="backend.tests.test_iteration_10.TestSmartSummonsScheduler" name="test_schedule_summons_success" time="0.120" /><testcase classname="backend.tests.test_iteration_10.TestSmartSummonsScheduler" name="test_schedule_summons_past_date_fails" time="0.104" /><testcase classname="backend.tests.test_iteration_10.TestSmartSummonsScheduler" name="test_get_scheduled_summons" time="0.112" /><testcase classname="backend.tests.test_iteration_10.TestSmartSummonsScheduler" name="test_schedule_summons_without_auth" time="0.149" /><testcase classname="backend.tests.test_iteration_10.TestSmartSummonsScheduler" name="test_schedule_summons_missing_required_fields" time="0.116" /><testcase classname="backend.tests.test_iteration_10.TestListCertificates" name="test_list_certificates" time="0.102" /></testsuite></testsuites>