<?xml version="1.0" encoding="utf-8"?><testsuites name="pytest tests"><testsuite name="pytest" errors="0" failures="1" skipped="0" tests="14" time="185.456" timestamp="2026-06-10T09:11:59.778970+00:00" hostname="agent-env-a5220aad-6c0f-43f4-9a0c-8032cc7bc406"><testcase classname="tests.test_v3_subdocs_e2e" name="test_icgs_exists" time="0.762" /><testcase classname="tests.test_v3_subdocs_e2e" name="test_auth_gate_generate_case_diary_no_token" time="0.135" /><testcase classname="tests.test_v3_subdocs_e2e" name="test_auth_gate_generate_remand_report_no_token" time="0.128" /><testcase classname="tests.test_v3_subdocs_e2e" name="test_auth_gate_cctns_no_token" time="0.117" /><testcase classname="tests.test_v3_subdocs_e2e" name="test_generate_intelligent_case_diary" time="28.613" /><testcase classname="tests.test_v3_subdocs_e2e" name="test_get_intelligent_case_diary" time="0.161" /><testcase classname="tests.test_v3_subdocs_e2e" name="test_generate_intelligent_remand_report" time="55.694" /><testcase classname="tests.test_v3_subdocs_e2e" name="test_get_intelligent_remand_report" time="0.239" /><testcase classname="tests.test_v3_subdocs_e2e" name="test_regenerate_case_diary" time="38.702" /><testcase classname="tests.test_v3_subdocs_e2e" name="test_regenerate_remand_report" time="60.171"><failure message="AssertionError: Status 502 body The preview environment is not responding. It may be starting up.&#10;  &#10;assert 502 == 200&#10; +  where 502 = &lt;Response [502]&gt;.status_code">tests/test_v3_subdocs_e2e.py:240: in test_regenerate_remand_report
    assert resp.status_code == 200, f"Status {resp.status_code} body {resp.text[:400]}"
E   AssertionError: Status 502 body The preview environment is not responding. It may be starting up.
E     
E   assert 502 == 200
E    +  where 502 = &lt;Response [502]&gt;.status_code</failure></testcase><testcase classname="tests.test_v3_subdocs_e2e" name="test_cctns_autofill" time="0.305" /><testcase classname="tests.test_v3_subdocs_e2e" name="test_cctns_invalid_case" time="0.112" /><testcase classname="tests.test_v3_subdocs_e2e" name="test_regenerate_case_diary_empty_corrections" time="0.112" /><testcase classname="tests.test_v3_subdocs_e2e" name="test_generate_case_diary_missing_icgs" time="0.097" /></testsuite></testsuites>