<?xml version="1.0" encoding="utf-8"?><testsuites name="pytest tests"><testsuite name="pytest" errors="0" failures="0" skipped="1" tests="69" time="1.505" timestamp="2026-06-11T07:53:01.065277+00:00" hostname="agent-env-a5220aad-6c0f-43f4-9a0c-8032cc7bc406"><testcase classname="backend.tests.test_writer_feedback_corrections.TestCDFAndPanchSource" name="test_prompt_has_cdf_detection_rule_with_two_conditions" time="0.001" /><testcase classname="backend.tests.test_writer_feedback_corrections.TestCDFAndPanchSource" name="test_prompt_maps_witness_sources_separately" time="0.000" /><testcase classname="backend.tests.test_writer_feedback_corrections.TestCDFAndPanchSource" name="test_prompt_mentions_panch_from_cdf_back_side" time="0.000" /><testcase classname="backend.tests.test_writer_feedback_corrections.TestEndorsementInBriefFacts" name="test_prompt_paragraph_3_now_has_endorsement_sentence" time="0.001" /><testcase classname="backend.tests.test_writer_feedback_corrections.TestEndorsementInBriefFacts" name="test_verifier_has_c10_endorsement_check" time="0.000" /><testcase classname="backend.tests.test_writer_feedback_corrections.TestConfessionSeizureTheftCases" name="test_prompt_has_is_theft_case_rule_5C" time="0.000" /><testcase classname="backend.tests.test_writer_feedback_corrections.TestConfessionSeizureTheftCases" name="test_prompt_has_theft_case_source_priority" time="0.000" /><testcase classname="backend.tests.test_writer_feedback_corrections.TestConfessionSeizureTheftCases" name="test_verifier_has_c12_theft_property_check" time="0.000" /><testcase classname="backend.tests.test_writer_feedback_corrections.TestInquestSec194" name="test_prompt_has_inquest_panch_handling_in_field_13" time="0.000" /><testcase classname="backend.tests.test_writer_feedback_corrections.TestInquestSec194" name="test_prompt_has_rule_5b_inquest_detection" time="0.000" /><testcase classname="backend.tests.test_writer_feedback_corrections.TestInquestSec194" name="test_verifier_has_c11_inquest_false_flag_check" time="0.000" /><testcase classname="backend.tests.test_writer_feedback_corrections.TestInquestSec194" name="test_witness_role_enum_includes_panch_for_inquest" time="0.000" /><testcase classname="backend.tests.test_writer_feedback_corrections.TestSectionsCanChange" name="test_prompt_has_sections_change_rule" time="0.001" /><testcase classname="backend.tests.test_writer_feedback_corrections.TestSuretiesEmptyIsCorrect" name="test_verifier_has_c_skip_rule_for_11bcd" time="0.000" /><testcase classname="backend.tests.test_writer_feedback_corrections.TestUserPromptWiresNewFlags" name="test_user_prompt_default_no_override" time="0.000" /><testcase classname="backend.tests.test_writer_feedback_corrections.TestUserPromptWiresNewFlags" name="test_user_prompt_includes_death_case_override" time="0.000" /><testcase classname="backend.tests.test_writer_feedback_corrections.TestUserPromptWiresNewFlags" name="test_user_prompt_includes_theft_case_override" time="0.000" /><testcase classname="backend.tests.test_writer_feedback_corrections.TestJSONSchemaHasNewKeys" name="test_schema_has_endorsing_officer" time="0.000" /><testcase classname="backend.tests.test_writer_feedback_corrections.TestJSONSchemaHasNewKeys" name="test_schema_has_is_inquest_case" time="0.000" /><testcase classname="backend.tests.test_writer_feedback_corrections.TestJSONSchemaHasNewKeys" name="test_schema_has_is_theft_case" time="0.000" /><testcase classname="backend.tests.test_apply_edits_cheap_path.TestSetByPath" name="test_creates_missing_intermediate_dicts" time="0.000" /><testcase classname="backend.tests.test_apply_edits_cheap_path.TestSetByPath" name="test_list_index_path" time="0.000" /><testcase classname="backend.tests.test_apply_edits_cheap_path.TestSetByPath" name="test_malformed_path_returns_false" time="0.000" /><testcase classname="backend.tests.test_apply_edits_cheap_path.TestSetByPath" name="test_nested_dict_path" time="0.000" /><testcase classname="backend.tests.test_apply_edits_cheap_path.TestSetByPath" name="test_out_of_bounds_index_returns_false" time="0.000" /><testcase classname="backend.tests.test_apply_edits_cheap_path.TestSetByPath" name="test_overwrite_existing_with_empty_string_allowed" time="0.000" /><testcase classname="backend.tests.test_apply_edits_cheap_path.TestSetByPath" name="test_simple_root_key" time="0.000" /><testcase classname="backend.tests.test_apply_edits_cheap_path.TestSetByPath" name="test_witnesses_deeply_nested" time="0.000" /><testcase classname="backend.tests.test_apply_edits_cheap_path.TestBriefFactsCascade" name="test_multi_edit_chain" time="0.000" /><testcase classname="backend.tests.test_apply_edits_cheap_path.TestBriefFactsCascade" name="test_no_change_when_old_equals_new" time="0.000" /><testcase classname="backend.tests.test_apply_edits_cheap_path.TestBriefFactsCascade" name="test_no_change_when_old_not_present" time="0.000" /><testcase classname="backend.tests.test_apply_edits_cheap_path.TestBriefFactsCascade" name="test_replaces_io_name_everywhere" time="0.000" /><testcase classname="backend.tests.test_apply_edits_cheap_path.TestBriefFactsCascade" name="test_skips_one_character_old_value" time="0.000" /><testcase classname="backend.tests.test_charge_sheet_verifier.TestPromptStructure" name="test_build_user_prompt_includes_draft_and_corpus" time="0.000" /><testcase classname="backend.tests.test_charge_sheet_verifier.TestPromptStructure" name="test_reviewer_prompt_contains_3_layer_keywords" time="0.000" /><testcase classname="backend.tests.test_charge_sheet_verifier.TestPromptStructure" name="test_reviewer_prompt_contains_all_9_audit_checks" time="0.000" /><testcase classname="backend.tests.test_charge_sheet_verifier.TestPromptStructure" name="test_reviewer_prompt_contains_confidence_colors" time="0.000" /><testcase classname="backend.tests.test_charge_sheet_verifier.TestJSONExtraction" name="test_extract_json_from_plain_response" time="0.000" /><testcase classname="backend.tests.test_charge_sheet_verifier.TestJSONExtraction" name="test_extract_json_handles_prose_prefix" time="0.000" /><testcase classname="backend.tests.test_charge_sheet_verifier.TestJSONExtraction" name="test_extract_json_strips_markdown_fence" time="0.000" /><testcase classname="backend.tests.test_charge_sheet_verifier.TestGracefulDegradation" name="test_returns_degraded_block_on_llm_failure" time="0.004" /><testcase classname="backend.tests.test_charge_sheet_verifier.TestGracefulDegradation" name="test_returns_degraded_block_on_malformed_json" time="0.003" /><testcase classname="backend.tests.test_charge_sheet_verifier.TestGracefulDegradation" name="test_returns_parsed_payload_on_clean_response" time="0.002" /><testcase classname="backend.tests.test_charge_sheet_verifier.TestLiveOpenAICall" name="test_real_verifier_returns_3_required_keys" time="0.000"><skipped type="pytest.skip" message="RUN_LIVE_VERIFIER=1 not set — skipping live OpenAI call">/app/backend/tests/test_charge_sheet_verifier.py:187: RUN_LIVE_VERIFIER=1 not set — skipping live OpenAI call</skipped></testcase><testcase classname="backend.tests.test_v4_agnostic_extraction" name="test_v4_scrubber_strips_not_found_in_documents_strings" time="0.000" /><testcase classname="backend.tests.test_v4_agnostic_extraction" name="test_v4_scrubber_preserves_non_string_types" time="0.000" /><testcase classname="backend.tests.test_v4_agnostic_extraction" name="test_v4_scrubber_handles_empty_inputs" time="0.000" /><testcase classname="backend.tests.test_v4_agnostic_extraction" name="test_fixed_layout_renderer_blank_constant_is_underscore_line" time="0.000" /><testcase classname="backend.tests.test_v4_agnostic_extraction" name="test_official_witness_detector_flags_police_and_doctors" time="0.000" /><testcase classname="backend.tests.test_v4_agnostic_extraction" name="test_official_witness_short_format_omits_personal_blanks" time="0.000" /><testcase classname="backend.tests.test_v4_agnostic_extraction" name="test_intelligent_chargesheet_prompt_contains_v4_rules" time="0.000" /><testcase classname="backend.tests.test_v4_agnostic_extraction" name="test_intelligent_case_diary_prompt_contains_v4_rules" time="0.000" /><testcase classname="backend.tests.test_v4_agnostic_extraction" name="test_intelligent_remand_report_prompt_contains_v4_rules" time="0.000" /><testcase classname="backend.tests.test_layer3_review_banner.TestLayer3ReviewBanner" name="test_officer_must_complete_status_renders_red_pill" time="0.079" /><testcase classname="backend.tests.test_layer3_review_banner.TestLayer3ReviewBanner" name="test_ready_to_file_status_renders_green_pill" time="0.079" /><testcase classname="backend.tests.test_layer3_review_banner.TestLayer3ReviewBanner" name="test_renderer_renders_complete_review_banner" time="0.084" /><testcase classname="backend.tests.test_layer3_review_banner.TestLayer3ReviewBanner" name="test_renderer_without_quality_review_does_not_crash" time="0.076" /><testcase classname="backend.tests.test_v3_subdocs" name="test_adapt_case_diary_for_fixed_layout_minimal" time="0.000" /><testcase classname="backend.tests.test_v3_subdocs" name="test_adapt_case_diary_handles_witnesses_fallback" time="0.000" /><testcase classname="backend.tests.test_v3_subdocs" name="test_adapt_remand_for_fixed_layout_minimal" time="0.000" /><testcase classname="backend.tests.test_v3_subdocs" name="test_adapt_remand_extracts_court_place_from_uppercase_at" time="0.000" /><testcase classname="backend.tests.test_v3_subdocs" name="test_cctns_autofill_shape_and_safe_values" time="0.000" /><testcase classname="backend.tests.test_v3_subdocs" name="test_cctns_autofill_empty_input_doesnt_crash" time="0.000" /><testcase classname="backend.tests.test_v3_subdocs" name="test_intelligent_case_diary_prompt_builds_without_corrections" time="0.000" /><testcase classname="backend.tests.test_v3_subdocs" name="test_intelligent_case_diary_prompt_includes_corrections_block" time="0.000" /><testcase classname="backend.tests.test_v3_subdocs" name="test_intelligent_remand_report_prompt_builds" time="0.002" /><testcase classname="backend.tests.test_v3_subdocs" name="test_intelligent_remand_report_corrections_block" time="0.000" /><testcase classname="backend.tests.test_v3_subdocs" name="test_intelligent_case_diary_extract_json_strips_fences" time="0.000" /><testcase classname="backend.tests.test_v3_subdocs" name="test_intelligent_remand_report_extract_json_strips_fences" time="0.000" /></testsuite></testsuites>