<?xml version="1.0" encoding="utf-8"?><testsuites name="pytest tests"><testsuite name="pytest" errors="0" failures="0" skipped="0" tests="71" time="72.005" timestamp="2026-04-19T17:31:29.493841+00:00" hostname="agent-env-a5220aad-6c0f-43f4-9a0c-8032cc7bc406"><testcase classname="tests.test_triple_fusion_queue.TestTripleFusionQueue" name="test_01_health_login" time="0.523" /><testcase classname="tests.test_triple_fusion_queue.TestTripleFusionQueue" name="test_02_generate_returns_fast_with_job_id" time="1.098" /><testcase classname="tests.test_triple_fusion_queue.TestTripleFusionQueue" name="test_03_idempotency_cached_completed" time="0.821" /><testcase classname="tests.test_triple_fusion_queue.TestTripleFusionQueue" name="test_04_idempotency_processing_same_job_id" time="1.160" /><testcase classname="tests.test_triple_fusion_queue.TestTripleFusionQueue" name="test_05_job_status_progress_fields" time="7.286" /><testcase classname="tests.test_triple_fusion_queue.TestTripleFusionQueue" name="test_06_twelve_file_batch_end_to_end" time="4.212" /><testcase classname="tests.test_triple_fusion_queue.TestTripleFusionQueue" name="test_07_invalid_case_returns_404" time="0.115" /><testcase classname="tests.test_triple_fusion_queue.TestTripleFusionQueue" name="test_08_no_files_returns_400" time="0.213" /><testcase classname="tests.test_triple_fusion_queue.TestTripleFusionQueue" name="test_09_job_status_not_found_for_new_case" time="0.243" /><testcase classname="tests.test_rbac.TestAuthProfile" name="test_profile_admin_has_role_and_is_admin" time="0.467" /><testcase classname="tests.test_rbac.TestAuthProfile" name="test_profile_supervisor_has_role" time="0.506" /><testcase classname="tests.test_rbac.TestAuthProfile" name="test_profile_officer_has_role" time="0.441" /><testcase classname="tests.test_rbac.TestAdminReadAccess" name="test_admin_can_read[/admin/pending-users]" time="0.125" /><testcase classname="tests.test_rbac.TestAdminReadAccess" name="test_admin_can_read[/admin/action-logs]" time="0.114" /><testcase classname="tests.test_rbac.TestAdminReadAccess" name="test_admin_can_read[/admin/logs]" time="0.107" /><testcase classname="tests.test_rbac.TestAdminReadAccess" name="test_admin_can_read[/admin/issues]" time="0.129" /><testcase classname="tests.test_rbac.TestAdminReadAccess" name="test_admin_can_read[/admin/translation-usage]" time="0.109" /><testcase classname="tests.test_rbac.TestAdminReadAccess" name="test_admin_can_read[/admin/translation-usage/daily]" time="0.108" /><testcase classname="tests.test_rbac.TestAdminReadAccess" name="test_admin_can_read[/admin/translation-usage/monthly]" time="0.132" /><testcase classname="tests.test_rbac.TestAdminReadAccess" name="test_admin_can_read[/admin/translation-usage/top-users]" time="0.114" /><testcase classname="tests.test_rbac.TestAdminReadAccess" name="test_admin_can_read[/admin/cache-stats]" time="0.133" /><testcase classname="tests.test_rbac.TestAdminReadAccess" name="test_admin_can_read[/admin/officers]" time="0.115" /><testcase classname="tests.test_rbac.TestSupervisorReadAccess" name="test_supervisor_can_read[/admin/pending-users]" time="0.136" /><testcase classname="tests.test_rbac.TestSupervisorReadAccess" name="test_supervisor_can_read[/admin/action-logs]" time="0.122" /><testcase classname="tests.test_rbac.TestSupervisorReadAccess" name="test_supervisor_can_read[/admin/logs]" time="0.109" /><testcase classname="tests.test_rbac.TestSupervisorReadAccess" name="test_supervisor_can_read[/admin/issues]" time="0.147" /><testcase classname="tests.test_rbac.TestSupervisorReadAccess" name="test_supervisor_can_read[/admin/translation-usage]" time="0.106" /><testcase classname="tests.test_rbac.TestSupervisorReadAccess" name="test_supervisor_can_read[/admin/translation-usage/daily]" time="3.217" /><testcase classname="tests.test_rbac.TestSupervisorReadAccess" name="test_supervisor_can_read[/admin/translation-usage/monthly]" time="1.180" /><testcase classname="tests.test_rbac.TestSupervisorReadAccess" name="test_supervisor_can_read[/admin/translation-usage/top-users]" time="0.113" /><testcase classname="tests.test_rbac.TestSupervisorReadAccess" name="test_supervisor_can_read[/admin/cache-stats]" time="0.111" /><testcase classname="tests.test_rbac.TestSupervisorReadAccess" name="test_supervisor_can_read[/admin/officers]" time="0.125" /><testcase classname="tests.test_rbac.TestSupervisorWriteBlocked" name="test_approve_user_blocked" time="0.116" /><testcase classname="tests.test_rbac.TestSupervisorWriteBlocked" name="test_reject_user_blocked" time="0.109" /><testcase classname="tests.test_rbac.TestSupervisorWriteBlocked" name="test_cache_cleanup_blocked" time="0.124" /><testcase classname="tests.test_rbac.TestSupervisorWriteBlocked" name="test_set_role_blocked" time="0.125" /><testcase classname="tests.test_rbac.TestOfficerFullyBlocked" name="test_officer_read_blocked[/admin/pending-users]" time="0.102" /><testcase classname="tests.test_rbac.TestOfficerFullyBlocked" name="test_officer_read_blocked[/admin/action-logs]" time="0.107" /><testcase classname="tests.test_rbac.TestOfficerFullyBlocked" name="test_officer_read_blocked[/admin/logs]" time="0.108" /><testcase classname="tests.test_rbac.TestOfficerFullyBlocked" name="test_officer_read_blocked[/admin/issues]" time="0.132" /><testcase classname="tests.test_rbac.TestOfficerFullyBlocked" name="test_officer_read_blocked[/admin/translation-usage]" time="0.111" /><testcase classname="tests.test_rbac.TestOfficerFullyBlocked" name="test_officer_read_blocked[/admin/translation-usage/daily]" time="0.113" /><testcase classname="tests.test_rbac.TestOfficerFullyBlocked" name="test_officer_read_blocked[/admin/translation-usage/monthly]" time="0.099" /><testcase classname="tests.test_rbac.TestOfficerFullyBlocked" name="test_officer_read_blocked[/admin/translation-usage/top-users]" time="0.140" /><testcase classname="tests.test_rbac.TestOfficerFullyBlocked" name="test_officer_read_blocked[/admin/cache-stats]" time="0.110" /><testcase classname="tests.test_rbac.TestOfficerFullyBlocked" name="test_officer_read_blocked[/admin/officers]" time="0.113" /><testcase classname="tests.test_rbac.TestOfficerFullyBlocked" name="test_officer_approve_blocked" time="0.119" /><testcase classname="tests.test_rbac.TestOfficerFullyBlocked" name="test_officer_cleanup_blocked" time="0.114" /><testcase classname="tests.test_rbac.TestOfficerFullyBlocked" name="test_officer_role_blocked" time="0.112" /><testcase classname="tests.test_rbac.TestRoleManagement" name="test_list_officers_populates_role" time="0.105" /><testcase classname="tests.test_rbac.TestRoleManagement" name="test_admin_cannot_demote_self" time="0.113" /><testcase classname="tests.test_rbac.TestRoleManagement" name="test_invalid_role_rejected" time="0.110" /><testcase classname="tests.test_rbac.TestRoleManagement" name="test_role_not_found" time="0.106" /><testcase classname="tests.test_rbac.TestRoleManagement" name="test_promote_and_demote_officer" time="0.518" /><testcase classname="tests.test_rbac.TestRoleManagement" name="test_promote_to_admin_sets_is_admin" time="0.722" /><testcase classname="tests.test_password_reset.TestForgotPassword" name="test_valid_officer_creates_pending_request" time="0.869" /><testcase classname="tests.test_password_reset.TestForgotPassword" name="test_duplicate_pending_does_not_create_second_row" time="0.339" /><testcase classname="tests.test_password_reset.TestForgotPassword" name="test_unknown_officer_id_returns_generic_success" time="0.147" /><testcase classname="tests.test_password_reset.TestForgotPassword" name="test_empty_officer_id_rejected" time="0.116" /><testcase classname="tests.test_password_reset.TestListingRBAC" name="test_admin_can_list" time="0.115" /><testcase classname="tests.test_password_reset.TestListingRBAC" name="test_supervisor_can_list" time="0.476" /><testcase classname="tests.test_password_reset.TestListingRBAC" name="test_status_filter_pending" time="0.132" /><testcase classname="tests.test_password_reset.TestAdminReset" name="test_supervisor_cannot_reset" time="0.225" /><testcase classname="tests.test_password_reset.TestAdminReset" name="test_admin_can_reset_and_returns_temp_password" time="0.478" /><testcase classname="tests.test_password_reset.TestAdminReset" name="test_second_reset_on_completed_fails" time="0.181" /><testcase classname="tests.test_password_reset.TestAdminReset" name="test_missing_request_returns_404" time="0.117" /><testcase classname="tests.test_password_reset.TestOfficerChangePassword" name="test_login_with_temp_pw_requires_change" time="0.327" /><testcase classname="tests.test_password_reset.TestOfficerChangePassword" name="test_change_password_rejects_wrong_current" time="0.333" /><testcase classname="tests.test_password_reset.TestOfficerChangePassword" name="test_change_password_rejects_short_new" time="0.128" /><testcase classname="tests.test_password_reset.TestOfficerChangePassword" name="test_change_password_success_clears_flag" time="0.921" /><testcase classname="tests.test_password_reset.TestAdminReject" name="test_reject_flow" time="39.752" /></testsuite></testsuites>