<?xml version="1.0" encoding="utf-8"?><testsuites name="pytest tests"><testsuite name="pytest" errors="0" failures="1" skipped="0" tests="17" time="5.562" timestamp="2026-05-05T19:16:25.901668+00:00" hostname="agent-env-a5220aad-6c0f-43f4-9a0c-8032cc7bc406"><testcase classname="tests.test_narration" name="test_categories_unauth_returns_401" time="2.321" /><testcase classname="tests.test_narration" name="test_keywords_unauth_returns_401" time="0.183" /><testcase classname="tests.test_narration" name="test_compose_unauth_returns_401" time="0.140" /><testcase classname="tests.test_narration" name="test_categories_returns_10_with_111_total" time="0.468" /><testcase classname="tests.test_narration" name="test_keywords_search_arrest" time="0.070" /><testcase classname="tests.test_narration" name="test_keywords_filter_by_category_scene_of_offence" time="0.064" /><testcase classname="tests.test_narration" name="test_keywords_unknown_category_returns_empty" time="0.065" /><testcase classname="tests.test_narration" name="test_compose_two_phrases_present_in_output" time="0.066" /><testcase classname="tests.test_narration" name="test_compose_empty_phrases_still_returns_200" time="0.062" /><testcase classname="tests.test_fixed_layout_endpoint" name="test_unauth_returns_401" time="0.122" /><testcase classname="tests.test_fixed_layout_endpoint" name="test_invalid_doc_type" time="0.568" /><testcase classname="tests.test_fixed_layout_endpoint" name="test_missing_case_returns_404" time="0.069" /><testcase classname="tests.test_fixed_layout_endpoint" name="test_render_happy_path[charge_sheet-CHARGE]" time="0.196" /><testcase classname="tests.test_fixed_layout_endpoint" name="test_render_happy_path[case_diary_part1-CASE DIARY]" time="0.144" /><testcase classname="tests.test_fixed_layout_endpoint" name="test_render_happy_path[remand_report-REMAND REPORT]" time="0.126" /><testcase classname="tests.test_fixed_layout_endpoint" name="test_zero_credits_deducted" time="0.614" /><testcase classname="tests.test_fixed_layout_endpoint" name="test_aadhaar_auto_extraction" time="0.149"><failure message="AssertionError: Aadhaar not auto-extracted into DOCX. Text sample:&#10;  CHARGE-SHEET&#10;  (UNDER SECTION 193 BNSS.)&#10;  &#10;  IN THE COURT OF JUDICIAL FIRST CLASS MAGISTRATE&#10;  AT AADTEST PS&#10;  &#10;  &#10;  &#10;  14.  Brief facts of the case:&#10;  (To be filled. Use the Narration Generator or write here.)&#10;  15.  Investigation done so far:&#10;  (To be filled.)&#10;  16.  Result of investigation:&#10;  The case is found to be true. The accused is/are charge-sheeted.&#10;  Hence charge sheet.&#10;  17.  Is ack. Copy of notice to complainant enclosed: --&#10;  18.  Dispatched on: _____&#10;  Signature of the Investigation officer&#10;  Submitting charge-sheet.&#10;  Name:  _____&#10;  Rank:  _____, of PS AadTest PS&#10;  1.  Dist.:- TestDist    Police Station: AadTest PS   &#10;assert ('1234 5678 9012' in &quot;CHARGE-SHEET\n(UNDER SECTION 193 BNSS.)\n\nIN THE COURT OF JUDICIAL FIRST CLASS MAGISTRATE\nAT AADTEST PS\n\n\n\n14.  Brief facts of the case:\n(To be filled. Use the Narration Generator or write here.)\n15.  Investigation done so far:\n(To be filled.)\n16.  Result of investigation:\nThe case is found to be true. The accused is/are charge-sheeted.\nHence charge sheet.\n17.  Is ack. Copy of notice to complainant enclosed: --\n18.  Dispatched on: _____\nSignature of the Investigation officer\nSubmitting charge-sheet.\nName:  _____\nRank:  _____, of PS AadTest PS\n1.  Dist.:- TestDist    Police Station: AadTest PS    FIR. No: AAD/1/2026    Dated: _____\n2.  Final Report/Charge Sheet No.\n_____\n3.  Date\n05-05-2026\n4.  Act/Sections.\nBNS 115(2)\n5.  Type of Final form (charge Sheet/Untraced/not Charge sheeted for want of Evidence/Offence abated/Un occurred)\nCharge sheet\n6.  F.R. Un occurred (False/Mistake of fact/Mistake of Law/Non cognizable/Civil Nature)\n---\n7.  If Charge sheet (Original/supplementary)\nOriginal\n8.  Names of the investigating officers\nSri. _____, SI of Police PS AadTest PS (IO &amp; Filed Charge sheet)\n9.  Name of the complaint informant with father's/Husband's name.\nSri. _____, S/o _____, Age: _____ years, Caste: _____, Occ: _____, R/o _____, Ph._____\n10.  Detail of properties/Articles/Documents Recovered/Seized during investigation and relied upon.\n_____\n11.  Particulars of charge sheeted Person.:-\nA1.  Sri. Unique Identification Authority of India, S/o _____, Age: DOB 12/05/1989 years, Caste: _____, Occ: _____, R/o S/O Krishna Reddy, Hyderabad, Ph._____\n      a) Date of arrest, release, Forwarded to Court.\n_____\n      b) Particulars of sureties if Released on bail.\n--\n      c) Previous convictions if any.\n--\n      d) Particulars of accused Persons absconding.\n--\n12.  Particulars of accused persons not charge sheeted.\n--\n13.  Particulars of the witnesses to be examined:\n\nS.No.\nName and Address\nRole\nLW-1\nSri. _____, S/o _____, Age: _____ years, Caste: _____, Occ: _____, R/o _____, Ph._____\n_____\nLW-2\nSri. _____, S/o _____, Age: _____ years, Caste: _____, Occ: _____, R/o _____, Ph._____\n_____\nLW-3\nSri. _____, S/o _____, Age: _____ years, Caste: _____, Occ: _____, R/o _____, Ph._____\n_____&quot; or '123456789012' in &quot;CHARGE-SHEET\n(UNDER SECTION 193 BNSS.)\n\nIN THE COURT OF JUDICIAL FIRST CLASS MAGISTRATE\nAT AADTEST PS\n\n\n\n14.  Brief facts of the case:\n(To be filled. Use the Narration Generator or write here.)\n15.  Investigation done so far:\n(To be filled.)\n16.  Result of investigation:\nThe case is found to be true. The accused is/are charge-sheeted.\nHence charge sheet.\n17.  Is ack. Copy of notice to complainant enclosed: --\n18.  Dispatched on: _____\nSignature of the Investigation officer\nSubmitting charge-sheet.\nName:  _____\nRank:  _____, of PS AadTest PS\n1.  Dist.:- TestDist    Police Station: AadTest PS    FIR. No: AAD/1/2026    Dated: _____\n2.  Final Report/Charge Sheet No.\n_____\n3.  Date\n05-05-2026\n4.  Act/Sections.\nBNS 115(2)\n5.  Type of Final form (charge Sheet/Untraced/not Charge sheeted for want of Evidence/Offence abated/Un occurred)\nCharge sheet\n6.  F.R. Un occurred (False/Mistake of fact/Mistake of Law/Non cognizable/Civil Nature)\n---\n7.  If Charge sheet (Original/supplementary)\nOriginal\n8.  Names of the investigating officers\nSri. _____, SI of Police PS AadTest PS (IO &amp; Filed Charge sheet)\n9.  Name of the complaint informant with father's/Husband's name.\nSri. _____, S/o _____, Age: _____ years, Caste: _____, Occ: _____, R/o _____, Ph._____\n10.  Detail of properties/Articles/Documents Recovered/Seized during investigation and relied upon.\n_____\n11.  Particulars of charge sheeted Person.:-\nA1.  Sri. Unique Identification Authority of India, S/o _____, Age: DOB 12/05/1989 years, Caste: _____, Occ: _____, R/o S/O Krishna Reddy, Hyderabad, Ph._____\n      a) Date of arrest, release, Forwarded to Court.\n_____\n      b) Particulars of sureties if Released on bail.\n--\n      c) Previous convictions if any.\n--\n      d) Particulars of accused Persons absconding.\n--\n12.  Particulars of accused persons not charge sheeted.\n--\n13.  Particulars of the witnesses to be examined:\n\nS.No.\nName and Address\nRole\nLW-1\nSri. _____, S/o _____, Age: _____ years, Caste: _____, Occ: _____, R/o _____, Ph._____\n_____\nLW-2\nSri. _____, S/o _____, Age: _____ years, Caste: _____, Occ: _____, R/o _____, Ph._____\n_____\nLW-3\nSri. _____, S/o _____, Age: _____ years, Caste: _____, Occ: _____, R/o _____, Ph._____\n_____&quot;)">tests/test_fixed_layout_endpoint.py:206: in test_aadhaar_auto_extraction
    assert ("1234 5678 9012" in text) or ("123456789012" in text), (
E   AssertionError: Aadhaar not auto-extracted into DOCX. Text sample:
E     CHARGE-SHEET
E     (UNDER SECTION 193 BNSS.)
E     
E     IN THE COURT OF JUDICIAL FIRST CLASS MAGISTRATE
E     AT AADTEST PS
E     
E     
E     
E     14.  Brief facts of the case:
E     (To be filled. Use the Narration Generator or write here.)
E     15.  Investigation done so far:
E     (To be filled.)
E     16.  Result of investigation:
E     The case is found to be true. The accused is/are charge-sheeted.
E     Hence charge sheet.
E     17.  Is ack. Copy of notice to complainant enclosed: --
E     18.  Dispatched on: _____
E     Signature of the Investigation officer
E     Submitting charge-sheet.
E     Name:  _____
E     Rank:  _____, of PS AadTest PS
E     1.  Dist.:- TestDist    Police Station: AadTest PS   
E   assert ('1234 5678 9012' in "CHARGE-SHEET\n(UNDER SECTION 193 BNSS.)\n\nIN THE COURT OF JUDICIAL FIRST CLASS MAGISTRATE\nAT AADTEST PS\n\n\n\n14.  Brief facts of the case:\n(To be filled. Use the Narration Generator or write here.)\n15.  Investigation done so far:\n(To be filled.)\n16.  Result of investigation:\nThe case is found to be true. The accused is/are charge-sheeted.\nHence charge sheet.\n17.  Is ack. Copy of notice to complainant enclosed: --\n18.  Dispatched on: _____\nSignature of the Investigation officer\nSubmitting charge-sheet.\nName:  _____\nRank:  _____, of PS AadTest PS\n1.  Dist.:- TestDist    Police Station: AadTest PS    FIR. No: AAD/1/2026    Dated: _____\n2.  Final Report/Charge Sheet No.\n_____\n3.  Date\n05-05-2026\n4.  Act/Sections.\nBNS 115(2)\n5.  Type of Final form (charge Sheet/Untraced/not Charge sheeted for want of Evidence/Offence abated/Un occurred)\nCharge sheet\n6.  F.R. Un occurred (False/Mistake of fact/Mistake of Law/Non cognizable/Civil Nature)\n---\n7.  If Charge sheet (Original/supplementary)\nOriginal\n8.  Names of the investigating officers\nSri. _____, SI of Police PS AadTest PS (IO &amp; Filed Charge sheet)\n9.  Name of the complaint informant with father's/Husband's name.\nSri. _____, S/o _____, Age: _____ years, Caste: _____, Occ: _____, R/o _____, Ph._____\n10.  Detail of properties/Articles/Documents Recovered/Seized during investigation and relied upon.\n_____\n11.  Particulars of charge sheeted Person.:-\nA1.  Sri. Unique Identification Authority of India, S/o _____, Age: DOB 12/05/1989 years, Caste: _____, Occ: _____, R/o S/O Krishna Reddy, Hyderabad, Ph._____\n      a) Date of arrest, release, Forwarded to Court.\n_____\n      b) Particulars of sureties if Released on bail.\n--\n      c) Previous convictions if any.\n--\n      d) Particulars of accused Persons absconding.\n--\n12.  Particulars of accused persons not charge sheeted.\n--\n13.  Particulars of the witnesses to be examined:\n\nS.No.\nName and Address\nRole\nLW-1\nSri. _____, S/o _____, Age: _____ years, Caste: _____, Occ: _____, R/o _____, Ph._____\n_____\nLW-2\nSri. _____, S/o _____, Age: _____ years, Caste: _____, Occ: _____, R/o _____, Ph._____\n_____\nLW-3\nSri. _____, S/o _____, Age: _____ years, Caste: _____, Occ: _____, R/o _____, Ph._____\n_____" or '123456789012' in "CHARGE-SHEET\n(UNDER SECTION 193 BNSS.)\n\nIN THE COURT OF JUDICIAL FIRST CLASS MAGISTRATE\nAT AADTEST PS\n\n\n\n14.  Brief facts of the case:\n(To be filled. Use the Narration Generator or write here.)\n15.  Investigation done so far:\n(To be filled.)\n16.  Result of investigation:\nThe case is found to be true. The accused is/are charge-sheeted.\nHence charge sheet.\n17.  Is ack. Copy of notice to complainant enclosed: --\n18.  Dispatched on: _____\nSignature of the Investigation officer\nSubmitting charge-sheet.\nName:  _____\nRank:  _____, of PS AadTest PS\n1.  Dist.:- TestDist    Police Station: AadTest PS    FIR. No: AAD/1/2026    Dated: _____\n2.  Final Report/Charge Sheet No.\n_____\n3.  Date\n05-05-2026\n4.  Act/Sections.\nBNS 115(2)\n5.  Type of Final form (charge Sheet/Untraced/not Charge sheeted for want of Evidence/Offence abated/Un occurred)\nCharge sheet\n6.  F.R. Un occurred (False/Mistake of fact/Mistake of Law/Non cognizable/Civil Nature)\n---\n7.  If Charge sheet (Original/supplementary)\nOriginal\n8.  Names of the investigating officers\nSri. _____, SI of Police PS AadTest PS (IO &amp; Filed Charge sheet)\n9.  Name of the complaint informant with father's/Husband's name.\nSri. _____, S/o _____, Age: _____ years, Caste: _____, Occ: _____, R/o _____, Ph._____\n10.  Detail of properties/Articles/Documents Recovered/Seized during investigation and relied upon.\n_____\n11.  Particulars of charge sheeted Person.:-\nA1.  Sri. Unique Identification Authority of India, S/o _____, Age: DOB 12/05/1989 years, Caste: _____, Occ: _____, R/o S/O Krishna Reddy, Hyderabad, Ph._____\n      a) Date of arrest, release, Forwarded to Court.\n_____\n      b) Particulars of sureties if Released on bail.\n--\n      c) Previous convictions if any.\n--\n      d) Particulars of accused Persons absconding.\n--\n12.  Particulars of accused persons not charge sheeted.\n--\n13.  Particulars of the witnesses to be examined:\n\nS.No.\nName and Address\nRole\nLW-1\nSri. _____, S/o _____, Age: _____ years, Caste: _____, Occ: _____, R/o _____, Ph._____\n_____\nLW-2\nSri. _____, S/o _____, Age: _____ years, Caste: _____, Occ: _____, R/o _____, Ph._____\n_____\nLW-3\nSri. _____, S/o _____, Age: _____ years, Caste: _____, Occ: _____, R/o _____, Ph._____\n_____")</failure></testcase></testsuite></testsuites>