<?xml version="1.0" encoding="utf-8"?><testsuites name="pytest tests"><testsuite name="pytest" errors="0" failures="0" skipped="0" tests="8" time="2.655" timestamp="2026-05-05T18:47:04.277460+00:00" hostname="agent-env-a5220aad-6c0f-43f4-9a0c-8032cc7bc406"><testcase classname="tests.test_fixed_layout_endpoint" name="test_unauth_returns_401" time="0.298" /><testcase classname="tests.test_fixed_layout_endpoint" name="test_invalid_doc_type" time="0.734" /><testcase classname="tests.test_fixed_layout_endpoint" name="test_missing_case_returns_404" time="0.075" /><testcase classname="tests.test_fixed_layout_endpoint" name="test_render_happy_path[charge_sheet-CHARGE]" time="0.169" /><testcase classname="tests.test_fixed_layout_endpoint" name="test_render_happy_path[case_diary_part1-CASE DIARY]" time="0.112" /><testcase classname="tests.test_fixed_layout_endpoint" name="test_render_happy_path[remand_report-REMAND REPORT]" time="0.194" /><testcase classname="tests.test_fixed_layout_endpoint" name="test_zero_credits_deducted" time="0.850" /><testcase classname="tests.test_fixed_layout_endpoint" name="test_aadhaar_auto_extraction" time="0.127" /></testsuite></testsuites>