<?xml version="1.0" encoding="utf-8"?><testsuites name="pytest tests"><testsuite name="pytest" errors="0" failures="0" skipped="0" tests="13" time="1.245" timestamp="2026-03-05T05:56:36.403789+00:00" hostname="agent-env-054fdbd9-3fbe-48d9-989f-026ea058d3bb"><testcase classname="backend.tests.test_jurisdiction_finder.TestJurisdictionStationsAPI" name="test_stations_api_returns_306_stations" time="0.436" /><testcase classname="backend.tests.test_jurisdiction_finder.TestJurisdictionStationsAPI" name="test_stations_have_required_fields" time="0.051" /><testcase classname="backend.tests.test_jurisdiction_finder.TestJurisdictionStationsAPI" name="test_stations_cover_40_districts" time="0.051" /><testcase classname="backend.tests.test_jurisdiction_finder.TestJurisdictionFindNearest" name="test_find_nearest_station_gachibowli" time="0.052" /><testcase classname="backend.tests.test_jurisdiction_finder.TestJurisdictionFindNearest" name="test_find_nearest_returns_10_nearby_stations" time="0.052" /><testcase classname="backend.tests.test_jurisdiction_finder.TestJurisdictionFindNearest" name="test_haversine_distance_accuracy" time="0.069" /><testcase classname="backend.tests.test_jurisdiction_finder.TestJurisdictionFindNearest" name="test_find_station_warangal" time="0.058" /><testcase classname="backend.tests.test_jurisdiction_finder.TestJurisdictionFindNearest" name="test_find_station_rural_area" time="0.050" /><testcase classname="backend.tests.test_jurisdiction_finder.TestSearchFunctionality" name="test_search_station_by_name" time="0.059" /><testcase classname="backend.tests.test_jurisdiction_finder.TestSearchFunctionality" name="test_search_stations_by_district" time="0.053" /><testcase classname="backend.tests.test_jurisdiction_finder.TestZeroFIRGeneration" name="test_station_data_complete_for_zero_fir" time="0.056" /><testcase classname="backend.tests.test_jurisdiction_finder.TestAuthenticationRequired" name="test_stations_requires_auth" time="0.097" /><testcase classname="backend.tests.test_jurisdiction_finder.TestAuthenticationRequired" name="test_find_requires_auth" time="0.102" /></testsuite></testsuites>