<?xml version="1.0" encoding="utf-8"?><testsuites name="pytest tests"><testsuite name="pytest" errors="0" failures="0" skipped="0" tests="14" time="10.017" timestamp="2026-03-05T06:04:19.135171+00:00" hostname="agent-env-054fdbd9-3fbe-48d9-989f-026ea058d3bb"><testcase classname="backend.tests.test_language_intelligence.TestLanguageIntelligence" name="test_ocr_png_image" time="0.786" /><testcase classname="backend.tests.test_language_intelligence.TestLanguageIntelligence" name="test_ocr_jpg_image" time="0.511" /><testcase classname="backend.tests.test_language_intelligence.TestLanguageIntelligence" name="test_ocr_pdf_file" time="0.528" /><testcase classname="backend.tests.test_language_intelligence.TestLanguageIntelligence" name="test_ocr_docx_file" time="0.761" /><testcase classname="backend.tests.test_language_intelligence.TestLanguageIntelligence" name="test_ocr_unsupported_format" time="0.434" /><testcase classname="backend.tests.test_language_intelligence.TestLanguageIntelligence" name="test_ocr_requires_auth" time="0.429" /><testcase classname="backend.tests.test_language_intelligence.TestLanguageIntelligence" name="test_speech_mp3_audio" time="1.574" /><testcase classname="backend.tests.test_language_intelligence.TestLanguageIntelligence" name="test_speech_wav_audio" time="0.695" /><testcase classname="backend.tests.test_language_intelligence.TestLanguageIntelligence" name="test_speech_m4a_audio" time="1.530" /><testcase classname="backend.tests.test_language_intelligence.TestLanguageIntelligence" name="test_speech_response_structure" time="0.538" /><testcase classname="backend.tests.test_language_intelligence.TestLanguageIntelligence" name="test_speech_requires_auth" time="0.429" /><testcase classname="backend.tests.test_language_intelligence.TestLanguageIntelligence" name="test_ocr_api_configuration_check" time="0.506" /><testcase classname="backend.tests.test_language_intelligence.TestLanguageIntelligence" name="test_speech_api_configuration_check" time="0.616" /><testcase classname="backend.tests.test_language_intelligence.TestLanguageIntelligence" name="test_ocr_legal_text_conversion" time="0.607" /></testsuite></testsuites>