<?xml version="1.0" encoding="utf-8"?><testsuites name="pytest tests"><testsuite name="pytest" errors="0" failures="0" skipped="0" tests="16" time="9.163" timestamp="2026-04-19T13:32:18.639992+00:00" hostname="agent-env-a5220aad-6c0f-43f4-9a0c-8032cc7bc406"><testcase classname="backend.tests.test_password_reset.TestForgotPassword" name="test_valid_officer_creates_pending_request" time="4.186" /><testcase classname="backend.tests.test_password_reset.TestForgotPassword" name="test_duplicate_pending_does_not_create_second_row" time="0.331" /><testcase classname="backend.tests.test_password_reset.TestForgotPassword" name="test_unknown_officer_id_returns_generic_success" time="0.114" /><testcase classname="backend.tests.test_password_reset.TestForgotPassword" name="test_empty_officer_id_rejected" time="0.116" /><testcase classname="backend.tests.test_password_reset.TestListingRBAC" name="test_admin_can_list" time="0.183" /><testcase classname="backend.tests.test_password_reset.TestListingRBAC" name="test_supervisor_can_list" time="0.442" /><testcase classname="backend.tests.test_password_reset.TestListingRBAC" name="test_status_filter_pending" time="0.135" /><testcase classname="backend.tests.test_password_reset.TestAdminReset" name="test_supervisor_cannot_reset" time="0.246" /><testcase classname="backend.tests.test_password_reset.TestAdminReset" name="test_admin_can_reset_and_returns_temp_password" time="0.441" /><testcase classname="backend.tests.test_password_reset.TestAdminReset" name="test_second_reset_on_completed_fails" time="0.109" /><testcase classname="backend.tests.test_password_reset.TestAdminReset" name="test_missing_request_returns_404" time="0.179" /><testcase classname="backend.tests.test_password_reset.TestOfficerChangePassword" name="test_login_with_temp_pw_requires_change" time="0.421" /><testcase classname="backend.tests.test_password_reset.TestOfficerChangePassword" name="test_change_password_rejects_wrong_current" time="0.364" /><testcase classname="backend.tests.test_password_reset.TestOfficerChangePassword" name="test_change_password_rejects_short_new" time="0.104" /><testcase classname="backend.tests.test_password_reset.TestOfficerChangePassword" name="test_change_password_success_clears_flag" time="0.922" /><testcase classname="backend.tests.test_password_reset.TestAdminReject" name="test_reject_flow" time="0.787" /></testsuite></testsuites>