<?xml version="1.0" encoding="utf-8"?><testsuites name="pytest tests"><testsuite name="pytest" errors="0" failures="0" skipped="0" tests="16" time="2.410" timestamp="2026-03-04T20:00:30.681918+00:00" hostname="agent-env-054fdbd9-3fbe-48d9-989f-026ea058d3bb"><testcase classname="backend.tests.test_saakshyam_apis.TestHealthEndpoint" name="test_api_root_health" time="0.258" /><testcase classname="backend.tests.test_saakshyam_apis.TestAuthentication" name="test_login_success" time="0.288" /><testcase classname="backend.tests.test_saakshyam_apis.TestAuthentication" name="test_login_invalid_credentials" time="0.288" /><testcase classname="backend.tests.test_saakshyam_apis.TestLegalIntelligenceBNSAnalysis" name="test_bns_analyze_cheating_fraud" time="0.362" /><testcase classname="backend.tests.test_saakshyam_apis.TestLegalIntelligenceBNSAnalysis" name="test_bns_analyze_theft" time="0.062" /><testcase classname="backend.tests.test_saakshyam_apis.TestLegalIntelligenceBNSAnalysis" name="test_bns_analyze_assault" time="0.061" /><testcase classname="backend.tests.test_saakshyam_apis.TestLegalIntelligenceBNSAnalysis" name="test_bns_analyze_with_remand_note" time="0.064" /><testcase classname="backend.tests.test_saakshyam_apis.TestSectionSearch" name="test_search_bns_318" time="0.130" /><testcase classname="backend.tests.test_saakshyam_apis.TestSectionSearch" name="test_search_ipc_420" time="0.224" /><testcase classname="backend.tests.test_saakshyam_apis.TestSectionSearch" name="test_search_nonexistent_section" time="0.140" /><testcase classname="backend.tests.test_saakshyam_apis.TestJurisdictionFinder" name="test_get_all_stations" time="0.062" /><testcase classname="backend.tests.test_saakshyam_apis.TestJurisdictionFinder" name="test_find_nearest_station_hyderabad" time="0.076" /><testcase classname="backend.tests.test_saakshyam_apis.TestJurisdictionFinder" name="test_haversine_distance_accuracy" time="0.056" /><testcase classname="backend.tests.test_saakshyam_apis.TestFIREndpoints" name="test_fir_list" time="0.060" /><testcase classname="backend.tests.test_saakshyam_apis.TestFIREndpoints" name="test_fir_create_and_verify" time="0.114" /><testcase classname="backend.tests.test_saakshyam_apis.TestRemindersEndpoint" name="test_list_reminders" time="0.087" /></testsuite></testsuites>