<?xml version="1.0" encoding="utf-8"?><testsuites name="pytest tests"><testsuite name="pytest" errors="0" failures="0" skipped="0" tests="46" time="10.127" timestamp="2026-04-19T13:06:38.186992+00:00" hostname="agent-env-a5220aad-6c0f-43f4-9a0c-8032cc7bc406"><testcase classname="backend.tests.test_rbac.TestAuthProfile" name="test_profile_admin_has_role_and_is_admin" time="3.413" /><testcase classname="backend.tests.test_rbac.TestAuthProfile" name="test_profile_supervisor_has_role" time="0.453" /><testcase classname="backend.tests.test_rbac.TestAuthProfile" name="test_profile_officer_has_role" time="0.444" /><testcase classname="backend.tests.test_rbac.TestAdminReadAccess" name="test_admin_can_read[/admin/pending-users]" time="0.104" /><testcase classname="backend.tests.test_rbac.TestAdminReadAccess" name="test_admin_can_read[/admin/action-logs]" time="0.112" /><testcase classname="backend.tests.test_rbac.TestAdminReadAccess" name="test_admin_can_read[/admin/logs]" time="0.104" /><testcase classname="backend.tests.test_rbac.TestAdminReadAccess" name="test_admin_can_read[/admin/issues]" time="0.115" /><testcase classname="backend.tests.test_rbac.TestAdminReadAccess" name="test_admin_can_read[/admin/translation-usage]" time="0.110" /><testcase classname="backend.tests.test_rbac.TestAdminReadAccess" name="test_admin_can_read[/admin/translation-usage/daily]" time="0.102" /><testcase classname="backend.tests.test_rbac.TestAdminReadAccess" name="test_admin_can_read[/admin/translation-usage/monthly]" time="0.111" /><testcase classname="backend.tests.test_rbac.TestAdminReadAccess" name="test_admin_can_read[/admin/translation-usage/top-users]" time="0.123" /><testcase classname="backend.tests.test_rbac.TestAdminReadAccess" name="test_admin_can_read[/admin/cache-stats]" time="0.159" /><testcase classname="backend.tests.test_rbac.TestAdminReadAccess" name="test_admin_can_read[/admin/officers]" time="0.140" /><testcase classname="backend.tests.test_rbac.TestSupervisorReadAccess" name="test_supervisor_can_read[/admin/pending-users]" time="0.104" /><testcase classname="backend.tests.test_rbac.TestSupervisorReadAccess" name="test_supervisor_can_read[/admin/action-logs]" time="0.106" /><testcase classname="backend.tests.test_rbac.TestSupervisorReadAccess" name="test_supervisor_can_read[/admin/logs]" time="0.106" /><testcase classname="backend.tests.test_rbac.TestSupervisorReadAccess" name="test_supervisor_can_read[/admin/issues]" time="0.096" /><testcase classname="backend.tests.test_rbac.TestSupervisorReadAccess" name="test_supervisor_can_read[/admin/translation-usage]" time="0.107" /><testcase classname="backend.tests.test_rbac.TestSupervisorReadAccess" name="test_supervisor_can_read[/admin/translation-usage/daily]" time="0.107" /><testcase classname="backend.tests.test_rbac.TestSupervisorReadAccess" name="test_supervisor_can_read[/admin/translation-usage/monthly]" time="0.108" /><testcase classname="backend.tests.test_rbac.TestSupervisorReadAccess" name="test_supervisor_can_read[/admin/translation-usage/top-users]" time="0.140" /><testcase classname="backend.tests.test_rbac.TestSupervisorReadAccess" name="test_supervisor_can_read[/admin/cache-stats]" time="0.105" /><testcase classname="backend.tests.test_rbac.TestSupervisorReadAccess" name="test_supervisor_can_read[/admin/officers]" time="0.111" /><testcase classname="backend.tests.test_rbac.TestSupervisorWriteBlocked" name="test_approve_user_blocked" time="0.151" /><testcase classname="backend.tests.test_rbac.TestSupervisorWriteBlocked" name="test_reject_user_blocked" time="0.112" /><testcase classname="backend.tests.test_rbac.TestSupervisorWriteBlocked" name="test_cache_cleanup_blocked" time="0.119" /><testcase classname="backend.tests.test_rbac.TestSupervisorWriteBlocked" name="test_set_role_blocked" time="0.102" /><testcase classname="backend.tests.test_rbac.TestOfficerFullyBlocked" name="test_officer_read_blocked[/admin/pending-users]" time="0.110" /><testcase classname="backend.tests.test_rbac.TestOfficerFullyBlocked" name="test_officer_read_blocked[/admin/action-logs]" time="0.103" /><testcase classname="backend.tests.test_rbac.TestOfficerFullyBlocked" name="test_officer_read_blocked[/admin/logs]" time="0.106" /><testcase classname="backend.tests.test_rbac.TestOfficerFullyBlocked" name="test_officer_read_blocked[/admin/issues]" time="0.101" /><testcase classname="backend.tests.test_rbac.TestOfficerFullyBlocked" name="test_officer_read_blocked[/admin/translation-usage]" time="0.108" /><testcase classname="backend.tests.test_rbac.TestOfficerFullyBlocked" name="test_officer_read_blocked[/admin/translation-usage/daily]" time="0.112" /><testcase classname="backend.tests.test_rbac.TestOfficerFullyBlocked" name="test_officer_read_blocked[/admin/translation-usage/monthly]" time="0.125" /><testcase classname="backend.tests.test_rbac.TestOfficerFullyBlocked" name="test_officer_read_blocked[/admin/translation-usage/top-users]" time="0.107" /><testcase classname="backend.tests.test_rbac.TestOfficerFullyBlocked" name="test_officer_read_blocked[/admin/cache-stats]" time="0.101" /><testcase classname="backend.tests.test_rbac.TestOfficerFullyBlocked" name="test_officer_read_blocked[/admin/officers]" time="0.115" /><testcase classname="backend.tests.test_rbac.TestOfficerFullyBlocked" name="test_officer_approve_blocked" time="0.119" /><testcase classname="backend.tests.test_rbac.TestOfficerFullyBlocked" name="test_officer_cleanup_blocked" time="0.117" /><testcase classname="backend.tests.test_rbac.TestOfficerFullyBlocked" name="test_officer_role_blocked" time="0.107" /><testcase classname="backend.tests.test_rbac.TestRoleManagement" name="test_list_officers_populates_role" time="0.106" /><testcase classname="backend.tests.test_rbac.TestRoleManagement" name="test_admin_cannot_demote_self" time="0.100" /><testcase classname="backend.tests.test_rbac.TestRoleManagement" name="test_invalid_role_rejected" time="0.123" /><testcase classname="backend.tests.test_rbac.TestRoleManagement" name="test_role_not_found" time="0.108" /><testcase classname="backend.tests.test_rbac.TestRoleManagement" name="test_promote_and_demote_officer" time="0.428" /><testcase classname="backend.tests.test_rbac.TestRoleManagement" name="test_promote_to_admin_sets_is_admin" time="0.669" /></testsuite></testsuites>