<?xml version="1.0" encoding="utf-8"?><testsuites name="pytest tests"><testsuite name="pytest" errors="0" failures="0" skipped="0" tests="13" time="39.021" timestamp="2026-04-01T06:41:25.069541+00:00" hostname="agent-env-054fdbd9-3fbe-48d9-989f-026ea058d3bb"><testcase classname="tests.test_staging_pipeline.TestStagingPipelineAPIs" name="test_create_case_success" time="0.431" /><testcase classname="tests.test_staging_pipeline.TestStagingPipelineAPIs" name="test_create_case_requires_auth" time="0.432" /><testcase classname="tests.test_staging_pipeline.TestStagingPipelineAPIs" name="test_upload_files_success" time="0.513" /><testcase classname="tests.test_staging_pipeline.TestStagingPipelineAPIs" name="test_upload_files_requires_auth" time="0.424" /><testcase classname="tests.test_staging_pipeline.TestStagingPipelineAPIs" name="test_get_staged_files_success" time="0.389" /><testcase classname="tests.test_staging_pipeline.TestStagingPipelineAPIs" name="test_get_staged_files_not_found" time="0.367" /><testcase classname="tests.test_staging_pipeline.TestStagingPipelineAPIs" name="test_delete_staged_file_success" time="0.361" /><testcase classname="tests.test_staging_pipeline.TestStagingPipelineAPIs" name="test_delete_file_not_found" time="0.369" /><testcase classname="tests.test_staging_pipeline.TestStagingPipelineAPIs" name="test_generate_triple_fusion_success" time="19.206" /><testcase classname="tests.test_staging_pipeline.TestStagingPipelineAPIs" name="test_generate_triple_fusion_no_files" time="0.583" /><testcase classname="tests.test_staging_pipeline.TestStagingPipelineAPIs" name="test_generate_triple_fusion_requires_auth" time="0.424" /><testcase classname="tests.test_staging_pipeline.TestStagingPipelineAPIs" name="test_list_my_cases" time="0.369" /><testcase classname="tests.test_staging_pipeline.TestPipelineValidation" name="test_cctns_json_structure" time="15.086" /></testsuite></testsuites>