<?xml version="1.0" encoding="utf-8"?><testsuites name="pytest tests"><testsuite name="pytest" errors="0" failures="0" skipped="0" tests="9" time="7.104" timestamp="2026-04-19T13:06:53.959290+00:00" hostname="agent-env-a5220aad-6c0f-43f4-9a0c-8032cc7bc406"><testcase classname="backend.tests.test_triple_fusion_queue.TestTripleFusionQueue" name="test_01_health_login" time="0.588" /><testcase classname="backend.tests.test_triple_fusion_queue.TestTripleFusionQueue" name="test_02_generate_returns_fast_with_job_id" time="1.352" /><testcase classname="backend.tests.test_triple_fusion_queue.TestTripleFusionQueue" name="test_03_idempotency_cached_completed" time="0.722" /><testcase classname="backend.tests.test_triple_fusion_queue.TestTripleFusionQueue" name="test_04_idempotency_processing_same_job_id" time="0.883" /><testcase classname="backend.tests.test_triple_fusion_queue.TestTripleFusionQueue" name="test_05_job_status_progress_fields" time="0.801" /><testcase classname="backend.tests.test_triple_fusion_queue.TestTripleFusionQueue" name="test_06_twelve_file_batch_end_to_end" time="2.102" /><testcase classname="backend.tests.test_triple_fusion_queue.TestTripleFusionQueue" name="test_07_invalid_case_returns_404" time="0.119" /><testcase classname="backend.tests.test_triple_fusion_queue.TestTripleFusionQueue" name="test_08_no_files_returns_400" time="0.231" /><testcase classname="backend.tests.test_triple_fusion_queue.TestTripleFusionQueue" name="test_09_job_status_not_found_for_new_case" time="0.258" /></testsuite></testsuites>