<?xml version="1.0" encoding="utf-8"?><testsuites name="pytest tests"><testsuite name="pytest" errors="0" failures="0" skipped="0" tests="9" time="9.188" timestamp="2026-04-19T12:45:53.443144+00:00" hostname="agent-env-a5220aad-6c0f-43f4-9a0c-8032cc7bc406"><testcase classname="backend.tests.test_triple_fusion_queue.TestTripleFusionQueue" name="test_01_health_login" time="2.967" /><testcase classname="backend.tests.test_triple_fusion_queue.TestTripleFusionQueue" name="test_02_generate_returns_fast_with_job_id" time="0.904" /><testcase classname="backend.tests.test_triple_fusion_queue.TestTripleFusionQueue" name="test_03_idempotency_cached_completed" time="0.771" /><testcase classname="backend.tests.test_triple_fusion_queue.TestTripleFusionQueue" name="test_04_idempotency_processing_same_job_id" time="0.980" /><testcase classname="backend.tests.test_triple_fusion_queue.TestTripleFusionQueue" name="test_05_job_status_progress_fields" time="0.818" /><testcase classname="backend.tests.test_triple_fusion_queue.TestTripleFusionQueue" name="test_06_twelve_file_batch_end_to_end" time="2.128" /><testcase classname="backend.tests.test_triple_fusion_queue.TestTripleFusionQueue" name="test_07_invalid_case_returns_404" time="0.109" /><testcase classname="backend.tests.test_triple_fusion_queue.TestTripleFusionQueue" name="test_08_no_files_returns_400" time="0.225" /><testcase classname="backend.tests.test_triple_fusion_queue.TestTripleFusionQueue" name="test_09_job_status_not_found_for_new_case" time="0.208" /></testsuite></testsuites>