<?xml version="1.0" encoding="utf-8"?><testsuites name="pytest tests"><testsuite name="pytest" errors="0" failures="0" skipped="0" tests="19" time="5.768" timestamp="2026-03-22T17:57:43.504798+00:00" hostname="agent-env-054fdbd9-3fbe-48d9-989f-026ea058d3bb"><testcase classname="tests.test_unified_pipeline.TestCaseContextAPI" name="test_create_case_context" time="1.315" /><testcase classname="tests.test_unified_pipeline.TestCaseContextAPI" name="test_list_case_contexts" time="0.098" /><testcase classname="tests.test_unified_pipeline.TestCaseContextAPI" name="test_get_case_context" time="0.110" /><testcase classname="tests.test_unified_pipeline.TestCaseContextAPI" name="test_update_case_context" time="0.114" /><testcase classname="tests.test_unified_pipeline.TestCaseContextAPI" name="test_add_accused_person" time="0.105" /><testcase classname="tests.test_unified_pipeline.TestCaseContextAPI" name="test_add_witness" time="0.132" /><testcase classname="tests.test_unified_pipeline.TestCaseContextAPI" name="test_export_cctns_json" time="0.104" /><testcase classname="tests.test_unified_pipeline.TestDocumentGeneratorAPI" name="test_generate_charge_sheet" time="0.445" /><testcase classname="tests.test_unified_pipeline.TestDocumentGeneratorAPI" name="test_generate_case_diary" time="0.111" /><testcase classname="tests.test_unified_pipeline.TestDocumentGeneratorAPI" name="test_generate_remand_report" time="0.445" /><testcase classname="tests.test_unified_pipeline.TestEvidenceManagerAPI" name="test_compute_hash_only" time="0.437" /><testcase classname="tests.test_unified_pipeline.TestEvidenceManagerAPI" name="test_upload_evidence" time="0.130" /><testcase classname="tests.test_unified_pipeline.TestEvidenceManagerAPI" name="test_list_evidence" time="0.102" /><testcase classname="tests.test_unified_pipeline.TestEvidenceManagerAPI" name="test_verify_evidence_hash" time="0.514" /><testcase classname="tests.test_unified_pipeline.TestEvidenceManagerAPI" name="test_verify_evidence_hash_tampered" time="0.360" /><testcase classname="tests.test_unified_pipeline.TestBSA63Certificate" name="test_generate_bsa_63_certificate" time="0.465" /><testcase classname="tests.test_unified_pipeline.TestErrorHandling" name="test_get_nonexistent_context" time="0.450" /><testcase classname="tests.test_unified_pipeline.TestErrorHandling" name="test_unauthorized_access" time="0.098" /><testcase classname="tests.test_unified_pipeline.TestErrorHandling" name="test_invalid_token" time="0.151" /></testsuite></testsuites>